<?xml version="1.0" encoding="UTF-8"?>
<!-- Generated by org.testng.reporters.JUnitXMLReporter -->
<testsuite hostname="C2C" ignored="2" name="Test" tests="4" failures="0" timestamp="2019-10-01T17:21:08 IST" time="95.539" errors="0">
  <testcase name="SimpleLogin" time="9.511" classname="com.testcases.LoginTest"/>
  <testcase name="LoginWithWrongCred" time="4.156" classname="com.testcases.LoginTest"/>
  <testcase name="Navigate" time="32.571" classname="com.testcases.HomeRedirect"/>
  <testcase name="FillHomePageInfo" time="3.435" classname="com.testcases.HomeRedirect"/>
  <testcase name="@AfterTest Teardown" time="0.0" classname="com.website.utils.BaseClass">
    <ignored/>
  </testcase> <!-- @AfterTest Teardown -->
  <testcase name="@BeforeTest getBrowser" time="0.0" classname="com.website.utils.BaseClass">
    <ignored/>
  </testcase> <!-- @BeforeTest getBrowser -->
</testsuite> <!-- Test -->
