<?xml version="1.0" encoding="UTF-8"?>
<!-- Generated by org.testng.reporters.JUnitXMLReporter -->
<testsuite hostname="C2C" ignored="2" name="Test" tests="4" failures="0" timestamp="2019-09-30T16:05:29 IST" time="46.589" errors="0">
  <testcase name="SimpleLogin" time="7.689" classname="com.testcases.LoginTest"/>
  <testcase name="LoginWithWrongCred" time="4.187" classname="com.testcases.LoginTest"/>
  <testcase name="Navigate" time="19.24" classname="com.testcases.HomeRedirect"/>
  <testcase name="FillHomePageInfo" time="1.578" classname="com.testcases.HomeRedirect"/>
  <testcase name="@AfterTest Teardown" time="0.0" classname="com.website.utils.BaseClass">
    <ignored/>
  </testcase> <!-- @AfterTest Teardown -->
  <testcase name="@BeforeTest getBrowser" time="0.0" classname="com.website.utils.BaseClass">
    <ignored/>
  </testcase> <!-- @BeforeTest getBrowser -->
</testsuite> <!-- Test -->
