<?xml version="1.0" encoding="UTF-8"?>
<testng-results skipped="0" failed="0" ignored="0" total="2" passed="2">
  <reporter-output>
  </reporter-output>
  <suite name="Default suite" duration-ms="46144" started-at="2019-10-29T18:47:01 IST" finished-at="2019-10-29T18:47:47 IST">
    <groups>
    </groups>
    <test name="Default test" duration-ms="46144" started-at="2019-10-29T18:47:01 IST" finished-at="2019-10-29T18:47:47 IST">
      <class name="com.testcases.LoginTest">
        <test-method status="PASS" signature="getBrowser()[pri:0, instance:com.testcases.LoginTest@731a74c]" name="getBrowser" is-config="true" duration-ms="29114" started-at="2019-10-29T18:47:01 IST" finished-at="2019-10-29T18:47:30 IST">
          <reporter-output>
          </reporter-output>
        </test-method> <!-- getBrowser -->
        <test-method status="PASS" signature="SimpleLogin()[pri:1, instance:com.testcases.LoginTest@731a74c]" name="SimpleLogin" duration-ms="10931" started-at="2019-10-29T18:47:30 IST" finished-at="2019-10-29T18:47:41 IST">
          <reporter-output>
          </reporter-output>
        </test-method> <!-- SimpleLogin -->
        <test-method status="PASS" signature="LoginWithWrongCred()[pri:2, instance:com.testcases.LoginTest@731a74c]" name="LoginWithWrongCred" duration-ms="4846" started-at="2019-10-29T18:47:41 IST" finished-at="2019-10-29T18:47:46 IST">
          <reporter-output>
          </reporter-output>
        </test-method> <!-- LoginWithWrongCred -->
        <test-method status="PASS" signature="Teardown()[pri:0, instance:com.testcases.LoginTest@731a74c]" name="Teardown" is-config="true" duration-ms="1200" started-at="2019-10-29T18:47:46 IST" finished-at="2019-10-29T18:47:47 IST">
          <reporter-output>
          </reporter-output>
        </test-method> <!-- Teardown -->
      </class> <!-- com.testcases.LoginTest -->
    </test> <!-- Default test -->
  </suite> <!-- Default suite -->
</testng-results>
